Started GET "/" for 127.0.0.1 at 2018-09-09 13:09:48 +0300
Started GET "/" for 127.0.0.1 at 2018-09-09 13:09:48 +0300
  
  
ActiveRecord::NoDatabaseError (FATAL:  database "RailsServerWithPOSTGRES_development" does not exist
):
ActiveRecord::NoDatabaseError (FATAL:  database "RailsServerWithPOSTGRES_development" does not exist
):
  
  
activerecord (5.2.1) lib/active_record/connection_adapters/postgresql_adapter.rb:688:in `rescue in connect'
activerecord (5.2.1) lib/active_record/connection_adapters/postgresql_adapter.rb:683:in `connect'
activerecord (5.2.1) lib/active_record/connection_adapters/postgresql_adapter.rb:215:in `initialize'
activerecord (5.2.1) lib/active_record/connection_adapters/postgresql_adapter.rb:40:in `new'
activerecord (5.2.1) lib/active_record/connection_adapters/postgresql_adapter.rb:40:in `postgresql_connection'
activerecord (5.2.1) lib/active_record/connection_adapters/abstract/connection_pool.rb:809:in `new_connection'
activerecord (5.2.1) lib/active_record/connection_adapters/abstract/connection_pool.rb:853:in `checkout_new_connection'
activerecord (5.2.1) lib/active_record/connection_adapters/abstract/connection_pool.rb:832:in `try_to_checkout_new_connection'
activerecord (5.2.1) lib/active_record/connection_adapters/abstract/connection_pool.rb:793:in `acquire_connection'
activerecord (5.2.1) lib/active_record/connection_adapters/abstract/connection_pool.rb:521:in `checkout'
activerecord (5.2.1) lib/active_record/connection_adapters/abstract/connection_pool.rb:380:in `connection'
activerecord (5.2.1) lib/active_record/connection_adapters/abstract/connection_pool.rb:1008:in `retrieve_connection'
activerecord (5.2.1) lib/active_record/connection_handling.rb:118:in `retrieve_connection'
activerecord (5.2.1) lib/active_record/connection_handling.rb:90:in `connection'
activerecord (5.2.1) lib/active_record/migration.rb:554:in `call'
actionpack (5.2.1) lib/action_dispatch/middleware/callbacks.rb:28:in `block in call'
activesupport (5.2.1) lib/active_support/callbacks.rb:98:in `run_callbacks'
actionpack (5.2.1) lib/action_dispatch/middleware/callbacks.rb:26:in `call'
actionpack (5.2.1) lib/action_dispatch/middleware/executor.rb:14:in `call'
actionpack (5.2.1) lib/action_dispatch/middleware/debug_exceptions.rb:61:in `call'
web-console (3.7.0) lib/web_console/middleware.rb:135:in `call_app'
web-console (3.7.0) lib/web_console/middleware.rb:30:in `block in call'
web-console (3.7.0) lib/web_console/middleware.rb:20:in `catch'
web-console (3.7.0) lib/web_console/middleware.rb:20:in `call'
actionpack (5.2.1) lib/action_dispatch/middleware/show_exceptions.rb:33:in `call'
railties (5.2.1) lib/rails/rack/logger.rb:38:in `call_app'
railties (5.2.1) lib/rails/rack/logger.rb:26:in `block in call'
activesupport (5.2.1) lib/active_support/tagged_logging.rb:71:in `block in tagged'
activesupport (5.2.1) lib/active_support/tagged_logging.rb:28:in `tagged'
activesupport (5.2.1) lib/active_support/tagged_logging.rb:71:in `tagged'
railties (5.2.1) lib/rails/rack/logger.rb:26:in `call'
sprockets-rails (3.2.1) lib/sprockets/rails/quiet_assets.rb:13:in `call'
actionpack (5.2.1) lib/action_dispatch/middleware/remote_ip.rb:81:in `call'
actionpack (5.2.1) lib/action_dispatch/middleware/request_id.rb:27:in `call'
rack (2.0.5) lib/rack/method_override.rb:22:in `call'
rack (2.0.5) lib/rack/runtime.rb:22:in `call'
activesupport (5.2.1) lib/active_support/cache/strategy/local_cache_middleware.rb:29:in `call'
actionpack (5.2.1) lib/action_dispatch/middleware/executor.rb:14:in `call'
actionpack (5.2.1) lib/action_dispatch/middleware/static.rb:127:in `call'
rack (2.0.5) lib/rack/sendfile.rb:111:in `call'
railties (5.2.1) lib/rails/engine.rb:524:in `call'
puma (3.12.0) lib/puma/configuration.rb:225:in `call'
puma (3.12.0) lib/puma/server.rb:658:in `handle_request'
puma (3.12.0) lib/puma/server.rb:472:in `process_client'
puma (3.12.0) lib/puma/server.rb:332:in `block in run'
puma (3.12.0) lib/puma/thread_pool.rb:133:in `block in spawn_thread'
activerecord (5.2.1) lib/active_record/connection_adapters/postgresql_adapter.rb:688:in `rescue in connect'
activerecord (5.2.1) lib/active_record/connection_adapters/postgresql_adapter.rb:683:in `connect'
activerecord (5.2.1) lib/active_record/connection_adapters/postgresql_adapter.rb:215:in `initialize'
activerecord (5.2.1) lib/active_record/connection_adapters/postgresql_adapter.rb:40:in `new'
activerecord (5.2.1) lib/active_record/connection_adapters/postgresql_adapter.rb:40:in `postgresql_connection'
activerecord (5.2.1) lib/active_record/connection_adapters/abstract/connection_pool.rb:809:in `new_connection'
activerecord (5.2.1) lib/active_record/connection_adapters/abstract/connection_pool.rb:853:in `checkout_new_connection'
activerecord (5.2.1) lib/active_record/connection_adapters/abstract/connection_pool.rb:832:in `try_to_checkout_new_connection'
activerecord (5.2.1) lib/active_record/connection_adapters/abstract/connection_pool.rb:793:in `acquire_connection'
activerecord (5.2.1) lib/active_record/connection_adapters/abstract/connection_pool.rb:521:in `checkout'
activerecord (5.2.1) lib/active_record/connection_adapters/abstract/connection_pool.rb:380:in `connection'
activerecord (5.2.1) lib/active_record/connection_adapters/abstract/connection_pool.rb:1008:in `retrieve_connection'
activerecord (5.2.1) lib/active_record/connection_handling.rb:118:in `retrieve_connection'
activerecord (5.2.1) lib/active_record/connection_handling.rb:90:in `connection'
activerecord (5.2.1) lib/active_record/migration.rb:554:in `call'
actionpack (5.2.1) lib/action_dispatch/middleware/callbacks.rb:28:in `block in call'
activesupport (5.2.1) lib/active_support/callbacks.rb:98:in `run_callbacks'
actionpack (5.2.1) lib/action_dispatch/middleware/callbacks.rb:26:in `call'
actionpack (5.2.1) lib/action_dispatch/middleware/executor.rb:14:in `call'
actionpack (5.2.1) lib/action_dispatch/middleware/debug_exceptions.rb:61:in `call'
web-console (3.7.0) lib/web_console/middleware.rb:135:in `call_app'
web-console (3.7.0) lib/web_console/middleware.rb:30:in `block in call'
web-console (3.7.0) lib/web_console/middleware.rb:20:in `catch'
web-console (3.7.0) lib/web_console/middleware.rb:20:in `call'
actionpack (5.2.1) lib/action_dispatch/middleware/show_exceptions.rb:33:in `call'
railties (5.2.1) lib/rails/rack/logger.rb:38:in `call_app'
railties (5.2.1) lib/rails/rack/logger.rb:26:in `block in call'
activesupport (5.2.1) lib/active_support/tagged_logging.rb:71:in `block in tagged'
activesupport (5.2.1) lib/active_support/tagged_logging.rb:28:in `tagged'
activesupport (5.2.1) lib/active_support/tagged_logging.rb:71:in `tagged'
railties (5.2.1) lib/rails/rack/logger.rb:26:in `call'
sprockets-rails (3.2.1) lib/sprockets/rails/quiet_assets.rb:13:in `call'
actionpack (5.2.1) lib/action_dispatch/middleware/remote_ip.rb:81:in `call'
actionpack (5.2.1) lib/action_dispatch/middleware/request_id.rb:27:in `call'
rack (2.0.5) lib/rack/method_override.rb:22:in `call'
rack (2.0.5) lib/rack/runtime.rb:22:in `call'
activesupport (5.2.1) lib/active_support/cache/strategy/local_cache_middleware.rb:29:in `call'
actionpack (5.2.1) lib/action_dispatch/middleware/executor.rb:14:in `call'
actionpack (5.2.1) lib/action_dispatch/middleware/static.rb:127:in `call'
rack (2.0.5) lib/rack/sendfile.rb:111:in `call'
railties (5.2.1) lib/rails/engine.rb:524:in `call'
puma (3.12.0) lib/puma/configuration.rb:225:in `call'
puma (3.12.0) lib/puma/server.rb:658:in `handle_request'
puma (3.12.0) lib/puma/server.rb:472:in `process_client'
puma (3.12.0) lib/puma/server.rb:332:in `block in run'
puma (3.12.0) lib/puma/thread_pool.rb:133:in `block in spawn_thread'
  [1m[35m (1.7ms)[0m  [1m[35mCREATE DATABASE "RailsServerWithPOSTGRES_development" ENCODING = 'unicode'[0m
  ↳ /home/stas/.rvm/gems/ruby-2.4.4/bin/rake:23
  [1m[35m (1.4ms)[0m  [1m[35mCREATE DATABASE "RailsServerWithPOSTGRES_development" ENCODING = 'unicode'[0m
  ↳ /home/stas/.rvm/gems/ruby-2.4.4/bin/rake:23
  [1m[35m (538.3ms)[0m  [1m[35mCREATE DATABASE "RailsServerWithPOSTGRES_development" ENCODING = 'unicode'[0m
  ↳ /home/stas/.rvm/gems/ruby-2.4.4/bin/rake:23
  [1m[35m (1.5ms)[0m  [1m[35mCREATE DATABASE "RailsServerWithPOSTGRES_test" ENCODING = 'unicode'[0m
  ↳ /home/stas/.rvm/gems/ruby-2.4.4/bin/rake:23
  [1m[35m (1.6ms)[0m  [1m[35mCREATE DATABASE "RailsServerWithPOSTGRES_development" ENCODING = 'unicode'[0m
  ↳ /home/stas/.rvm/gems/ruby-2.4.4/bin/rake:23
  [1m[35m (1.1ms)[0m  [1m[35mCREATE DATABASE "RailsServerWithPOSTGRES_test" ENCODING = 'unicode'[0m
  ↳ /home/stas/.rvm/gems/ruby-2.4.4/bin/rake:23
Started GET "/" for 127.0.0.1 at 2018-09-09 13:33:58 +0300
Processing by Rails::WelcomeController#index as HTML
  Rendering /home/stas/.rvm/gems/ruby-2.4.4/gems/railties-5.2.1/lib/rails/templates/rails/welcome/index.html.erb
  Rendered /home/stas/.rvm/gems/ruby-2.4.4/gems/railties-5.2.1/lib/rails/templates/rails/welcome/index.html.erb (8.2ms)
Completed 200 OK in 41ms (Views: 15.1ms | ActiveRecord: 0.0ms)


Started GET "/" for 127.0.0.1 at 2018-09-09 13:36:37 +0300
  
ActiveRecord::NoDatabaseError (FATAL:  database "stanislav-portfolio_development" does not exist
):
  
activerecord (5.2.1) lib/active_record/connection_adapters/postgresql_adapter.rb:688:in `rescue in connect'
activerecord (5.2.1) lib/active_record/connection_adapters/postgresql_adapter.rb:683:in `connect'
activerecord (5.2.1) lib/active_record/connection_adapters/postgresql_adapter.rb:215:in `initialize'
activerecord (5.2.1) lib/active_record/connection_adapters/postgresql_adapter.rb:40:in `new'
activerecord (5.2.1) lib/active_record/connection_adapters/postgresql_adapter.rb:40:in `postgresql_connection'
activerecord (5.2.1) lib/active_record/connection_adapters/abstract/connection_pool.rb:809:in `new_connection'
activerecord (5.2.1) lib/active_record/connection_adapters/abstract/connection_pool.rb:853:in `checkout_new_connection'
activerecord (5.2.1) lib/active_record/connection_adapters/abstract/connection_pool.rb:832:in `try_to_checkout_new_connection'
activerecord (5.2.1) lib/active_record/connection_adapters/abstract/connection_pool.rb:793:in `acquire_connection'
activerecord (5.2.1) lib/active_record/connection_adapters/abstract/connection_pool.rb:521:in `checkout'
activerecord (5.2.1) lib/active_record/connection_adapters/abstract/connection_pool.rb:380:in `connection'
activerecord (5.2.1) lib/active_record/connection_adapters/abstract/connection_pool.rb:1008:in `retrieve_connection'
activerecord (5.2.1) lib/active_record/connection_handling.rb:118:in `retrieve_connection'
activerecord (5.2.1) lib/active_record/connection_handling.rb:90:in `connection'
activerecord (5.2.1) lib/active_record/migration.rb:554:in `call'
actionpack (5.2.1) lib/action_dispatch/middleware/callbacks.rb:28:in `block in call'
activesupport (5.2.1) lib/active_support/callbacks.rb:98:in `run_callbacks'
actionpack (5.2.1) lib/action_dispatch/middleware/callbacks.rb:26:in `call'
actionpack (5.2.1) lib/action_dispatch/middleware/executor.rb:14:in `call'
actionpack (5.2.1) lib/action_dispatch/middleware/debug_exceptions.rb:61:in `call'
web-console (3.7.0) lib/web_console/middleware.rb:135:in `call_app'
web-console (3.7.0) lib/web_console/middleware.rb:30:in `block in call'
web-console (3.7.0) lib/web_console/middleware.rb:20:in `catch'
web-console (3.7.0) lib/web_console/middleware.rb:20:in `call'
actionpack (5.2.1) lib/action_dispatch/middleware/show_exceptions.rb:33:in `call'
railties (5.2.1) lib/rails/rack/logger.rb:38:in `call_app'
railties (5.2.1) lib/rails/rack/logger.rb:26:in `block in call'
activesupport (5.2.1) lib/active_support/tagged_logging.rb:71:in `block in tagged'
activesupport (5.2.1) lib/active_support/tagged_logging.rb:28:in `tagged'
activesupport (5.2.1) lib/active_support/tagged_logging.rb:71:in `tagged'
railties (5.2.1) lib/rails/rack/logger.rb:26:in `call'
sprockets-rails (3.2.1) lib/sprockets/rails/quiet_assets.rb:13:in `call'
actionpack (5.2.1) lib/action_dispatch/middleware/remote_ip.rb:81:in `call'
actionpack (5.2.1) lib/action_dispatch/middleware/request_id.rb:27:in `call'
rack (2.0.5) lib/rack/method_override.rb:22:in `call'
rack (2.0.5) lib/rack/runtime.rb:22:in `call'
activesupport (5.2.1) lib/active_support/cache/strategy/local_cache_middleware.rb:29:in `call'
actionpack (5.2.1) lib/action_dispatch/middleware/executor.rb:14:in `call'
actionpack (5.2.1) lib/action_dispatch/middleware/static.rb:127:in `call'
rack (2.0.5) lib/rack/sendfile.rb:111:in `call'
railties (5.2.1) lib/rails/engine.rb:524:in `call'
puma (3.12.0) lib/puma/configuration.rb:225:in `call'
puma (3.12.0) lib/puma/server.rb:658:in `handle_request'
puma (3.12.0) lib/puma/server.rb:472:in `process_client'
puma (3.12.0) lib/puma/server.rb:332:in `block in run'
puma (3.12.0) lib/puma/thread_pool.rb:133:in `block in spawn_thread'
  [1m[35m (289.8ms)[0m  [1m[35mCREATE DATABASE "stanislav-portfolio_development" ENCODING = 'unicode'[0m
  ↳ /home/stas/.rvm/gems/ruby-2.4.4/bin/rake:23
  [1m[35m (2.0ms)[0m  [1m[35mCREATE DATABASE "stanislav-portfolio_test" ENCODING = 'unicode'[0m
  ↳ /home/stas/.rvm/gems/ruby-2.4.4/bin/rake:23
Started GET "/" for 127.0.0.1 at 2018-09-09 13:37:14 +0300
Processing by Rails::WelcomeController#index as HTML
  Rendering /home/stas/.rvm/gems/ruby-2.4.4/gems/railties-5.2.1/lib/rails/templates/rails/welcome/index.html.erb
  Rendered /home/stas/.rvm/gems/ruby-2.4.4/gems/railties-5.2.1/lib/rails/templates/rails/welcome/index.html.erb (7.3ms)
Completed 200 OK in 45ms (Views: 13.4ms | ActiveRecord: 0.0ms)


Started GET "/" for 127.0.0.1 at 2018-09-09 13:37:30 +0300
Processing by Rails::WelcomeController#index as HTML
  Rendering /home/stas/.rvm/gems/ruby-2.4.4/gems/railties-5.2.1/lib/rails/templates/rails/welcome/index.html.erb
  Rendered /home/stas/.rvm/gems/ruby-2.4.4/gems/railties-5.2.1/lib/rails/templates/rails/welcome/index.html.erb (7.6ms)
Completed 200 OK in 40ms (Views: 13.2ms | ActiveRecord: 0.0ms)


Started GET "/" for 127.0.0.1 at 2018-09-09 13:39:37 +0300
Processing by PagesController#about as HTML
  Rendering pages/about.html.erb within layouts/application
  Rendered pages/about.html.erb within layouts/application (3.8ms)
Completed 200 OK in 12642ms (Views: 12613.8ms | ActiveRecord: 0.0ms)


Started GET "/" for 127.0.0.1 at 2018-09-09 13:40:55 +0300
Processing by PagesController#about as HTML
  Rendering pages/about.html.erb within layouts/application
  Rendered pages/about.html.erb within layouts/application (2.7ms)
Completed 200 OK in 122ms (Views: 119.4ms | ActiveRecord: 0.0ms)


Started GET "/" for 127.0.0.1 at 2018-09-09 14:10:12 +0300
Processing by PagesController#about as HTML
  Rendering pages/about.html.erb within layouts/application
  Rendered pages/about.html.erb within layouts/application (3.6ms)
Completed 500 Internal Server Error in 6774ms (ActiveRecord: 0.0ms)


  
ActionView::Template::Error (Autoprefixer doesn’t support Node v4.2.6. Update it.):
     6:     <%= csp_meta_tag %>
     7:         <meta charset="utf-8">
     8:     <meta name="viewport" content="width=device-width, initial-scale=1, shrink-to-fit=no">
     9:     <%= javascript_include_tag 'application', 'data-turbolinks-track': 'reload' %>
    10:     <%= stylesheet_link_tag    'application', media: 'all', 'data-turbolinks-track': 'reload' %>
    11:   </head>
    12: 
  
app/views/layouts/application.html.erb:9:in `_app_views_layouts_application_html_erb__211664793__632834748'
Started GET "/" for 127.0.0.1 at 2018-09-09 14:13:28 +0300
Processing by PagesController#about as HTML
  Rendering pages/about.html.erb within layouts/application
  Rendered pages/about.html.erb within layouts/application (2.8ms)
Completed 500 Internal Server Error in 6048ms (ActiveRecord: 0.0ms)


  
ActionView::Template::Error (Autoprefixer doesn’t support Node v4.2.6. Update it.):
     6:     <%= csp_meta_tag %>
     7:         <meta charset="utf-8">
     8:     <meta name="viewport" content="width=device-width, initial-scale=1, shrink-to-fit=no">
     9:     <%= javascript_include_tag 'application', 'data-turbolinks-track': 'reload' %>
    10:     <%= stylesheet_link_tag    'application', media: 'all', 'data-turbolinks-track': 'reload' %>
    11:   </head>
    12: 
  
app/views/layouts/application.html.erb:9:in `_app_views_layouts_application_html_erb__211664793__647871748'
Started GET "/" for 127.0.0.1 at 2018-09-09 14:13:58 +0300
Processing by PagesController#about as HTML
  Rendering pages/about.html.erb within layouts/application
  Rendered pages/about.html.erb within layouts/application (3.4ms)
Completed 200 OK in 696ms (Views: 670.4ms | ActiveRecord: 0.0ms)


Started GET "/" for 127.0.0.1 at 2018-09-09 14:22:50 +0300
Processing by PagesController#about as HTML
  Rendering pages/about.html.erb within layouts/application
  Rendered pages/about.html.erb within layouts/application (6.4ms)
Completed 200 OK in 5986ms (Views: 5980.3ms | ActiveRecord: 0.0ms)


  [1m[35m (38.0ms)[0m  [1m[35mCREATE TABLE "schema_migrations" ("version" character varying NOT NULL PRIMARY KEY)[0m
  ↳ /home/stas/.rvm/gems/ruby-2.4.4/bin/rake:23
  [1m[35m (17.9ms)[0m  [1m[35mCREATE TABLE "ar_internal_metadata" ("key" character varying NOT NULL PRIMARY KEY, "value" character varying, "created_at" timestamp NOT NULL, "updated_at" timestamp NOT NULL)[0m
  ↳ /home/stas/.rvm/gems/ruby-2.4.4/bin/rake:23
  [1m[35m (0.8ms)[0m  [1m[34mSELECT pg_try_advisory_lock(8777261093759511990)[0m
  ↳ /home/stas/.rvm/gems/ruby-2.4.4/bin/rake:23
  [1m[35m (1.9ms)[0m  [1m[34mSELECT "schema_migrations"."version" FROM "schema_migrations" ORDER BY "schema_migrations"."version" ASC[0m
  ↳ /home/stas/.rvm/gems/ruby-2.4.4/bin/rake:23
  [1m[36mActiveRecord::InternalMetadata Load (1.1ms)[0m  [1m[34mSELECT  "ar_internal_metadata".* FROM "ar_internal_metadata" WHERE "ar_internal_metadata"."key" = $1 LIMIT $2[0m  [["key", "environment"], ["LIMIT", 1]]
  ↳ /home/stas/.rvm/gems/ruby-2.4.4/bin/rake:23
  [1m[35m (0.5ms)[0m  [1m[35mBEGIN[0m
  ↳ /home/stas/.rvm/gems/ruby-2.4.4/bin/rake:23
  [1m[36mActiveRecord::InternalMetadata Create (1.6ms)[0m  [1m[32mINSERT INTO "ar_internal_metadata" ("key", "value", "created_at", "updated_at") VALUES ($1, $2, $3, $4) RETURNING "key"[0m  [["key", "environment"], ["value", "development"], ["created_at", "2018-09-09 12:00:55.978869"], ["updated_at", "2018-09-09 12:00:55.978869"]]
  ↳ /home/stas/.rvm/gems/ruby-2.4.4/bin/rake:23
  [1m[35m (2.4ms)[0m  [1m[35mCOMMIT[0m
  ↳ /home/stas/.rvm/gems/ruby-2.4.4/bin/rake:23
  [1m[35m (0.7ms)[0m  [1m[34mSELECT pg_advisory_unlock(8777261093759511990)[0m
  ↳ /home/stas/.rvm/gems/ruby-2.4.4/bin/rake:23
  [1m[35m (0.8ms)[0m  [1m[34mSELECT "schema_migrations"."version" FROM "schema_migrations" ORDER BY "schema_migrations"."version" ASC[0m
  ↳ /home/stas/.rvm/gems/ruby-2.4.4/bin/rake:23
Started GET "/" for 127.0.0.1 at 2018-09-09 15:01:18 +0300
Processing by PagesController#about as HTML
  Rendering pages/about.html.erb within layouts/application
  Rendered pages/about.html.erb within layouts/application (2.6ms)
Completed 200 OK in 300ms (Views: 297.3ms | ActiveRecord: 0.0ms)


Started GET "/" for 127.0.0.1 at 2018-09-09 15:01:42 +0300
Processing by PagesController#about as HTML
  Rendering pages/about.html.erb within layouts/application
  Rendered pages/about.html.erb within layouts/application (3.8ms)
Completed 500 Internal Server Error in 6959ms (ActiveRecord: 0.0ms)


  
ActionView::Template::Error (Autoprefixer doesn’t support Node v4.2.6. Update it.):
     6:     <%= csp_meta_tag %>
     7:         <meta charset="utf-8">
     8:     <meta name="viewport" content="width=device-width, initial-scale=1, shrink-to-fit=no">
     9:     <%= javascript_include_tag 'application', 'data-turbolinks-track': 'reload' %>
    10:     <%= stylesheet_link_tag    'application', media: 'all', 'data-turbolinks-track': 'reload' %>
    11:   </head>
    12: 
  
app/views/layouts/application.html.erb:9:in `_app_views_layouts_application_html_erb__395137100__632864258'
Started GET "/" for 127.0.0.1 at 2018-09-09 15:04:27 +0300
Processing by PagesController#about as HTML
  Rendering pages/about.html.erb within layouts/application
  Rendered pages/about.html.erb within layouts/application (3.3ms)
Completed 500 Internal Server Error in 6532ms (ActiveRecord: 0.0ms)


  
ActionView::Template::Error (Autoprefixer doesn’t support Node v4.2.6. Update it.):
     6:     <%= csp_meta_tag %>
     7:         <meta charset="utf-8">
     8:     <meta name="viewport" content="width=device-width, initial-scale=1, shrink-to-fit=no">
     9:     <%= javascript_include_tag 'application', 'data-turbolinks-track': 'reload' %>
    10:     <%= stylesheet_link_tag    'application', media: 'all', 'data-turbolinks-track': 'reload' %>
    11:   </head>
    12: 
  
app/views/layouts/application.html.erb:9:in `_app_views_layouts_application_html_erb__128498178_80344180'
Started GET "/" for 127.0.0.1 at 2018-09-09 15:05:52 +0300
Processing by PagesController#about as HTML
  Rendering pages/about.html.erb within layouts/application
  Rendered pages/about.html.erb within layouts/application (2.7ms)
Completed 500 Internal Server Error in 6104ms (ActiveRecord: 0.0ms)


  
ActionView::Template::Error (Autoprefixer doesn’t support Node v4.2.6. Update it.):
     6:     <%= csp_meta_tag %>
     7:         <meta charset="utf-8">
     8:     <meta name="viewport" content="width=device-width, initial-scale=1, shrink-to-fit=no">
     9:     <%= javascript_include_tag 'application', 'data-turbolinks-track': 'reload' %>
    10:     <%= stylesheet_link_tag    'application', media: 'all', 'data-turbolinks-track': 'reload' %>
    11:   </head>
    12: 
  
app/views/layouts/application.html.erb:9:in `_app_views_layouts_application_html_erb__128498178_95626960'
Started GET "/" for 127.0.0.1 at 2018-09-09 15:06:07 +0300
Processing by PagesController#about as HTML
  Rendering pages/about.html.erb within layouts/application
  Rendered pages/about.html.erb within layouts/application (3.4ms)
Completed 200 OK in 809ms (Views: 784.4ms | ActiveRecord: 0.0ms)


Started GET "/" for 127.0.0.1 at 2018-09-09 17:01:38 +0300
Processing by PagesController#about as HTML
  Rendering pages/about.html.erb within layouts/application
  Rendered pages/about.html.erb within layouts/application (2.6ms)
Completed 200 OK in 5753ms (Views: 5750.1ms | ActiveRecord: 0.0ms)


Started GET "/" for 127.0.0.1 at 2018-09-09 17:01:56 +0300
Processing by PagesController#about as HTML
  Rendering pages/about.html.erb within layouts/application
  Rendered pages/about.html.erb within layouts/application (2.6ms)
Completed 200 OK in 5706ms (Views: 5703.6ms | ActiveRecord: 0.0ms)


Started GET "/" for 127.0.0.1 at 2018-09-09 17:02:11 +0300
Processing by PagesController#about as HTML
  Rendering pages/about.html.erb within layouts/application
  Rendered pages/about.html.erb within layouts/application (2.8ms)
Completed 200 OK in 5682ms (Views: 5680.1ms | ActiveRecord: 0.0ms)


Started GET "/about" for 127.0.0.1 at 2018-09-09 17:02:52 +0300
Processing by PagesController#about as HTML
  Rendering pages/about.html.erb within layouts/application
  Rendered pages/about.html.erb within layouts/application (5.0ms)
Completed 200 OK in 186ms (Views: 183.9ms | ActiveRecord: 0.0ms)


Started GET "/about" for 127.0.0.1 at 2018-09-09 17:02:55 +0300
Processing by PagesController#about as HTML
  Rendering pages/about.html.erb within layouts/application
  Rendered pages/about.html.erb within layouts/application (3.0ms)
Completed 200 OK in 160ms (Views: 157.3ms | ActiveRecord: 0.0ms)


Started GET "/about" for 127.0.0.1 at 2018-09-09 17:03:02 +0300
Processing by PagesController#about as HTML
  Rendering pages/about.html.erb within layouts/application
  Rendered pages/about.html.erb within layouts/application (2.7ms)
Completed 200 OK in 132ms (Views: 129.5ms | ActiveRecord: 0.0ms)


Started GET "/about" for 127.0.0.1 at 2018-09-09 17:03:03 +0300
Processing by PagesController#about as HTML
  Rendering pages/about.html.erb within layouts/application
  Rendered pages/about.html.erb within layouts/application (3.6ms)
Completed 200 OK in 159ms (Views: 156.3ms | ActiveRecord: 0.0ms)


Started GET "/about" for 127.0.0.1 at 2018-09-09 17:03:04 +0300
Processing by PagesController#about as HTML
  Rendering pages/about.html.erb within layouts/application
  Rendered pages/about.html.erb within layouts/application (8.7ms)
Completed 200 OK in 133ms (Views: 129.2ms | ActiveRecord: 0.0ms)


Started GET "/about" for 127.0.0.1 at 2018-09-09 17:03:06 +0300
Processing by PagesController#about as HTML
  Rendering pages/about.html.erb within layouts/application
  Rendered pages/about.html.erb within layouts/application (2.5ms)
Completed 200 OK in 144ms (Views: 141.8ms | ActiveRecord: 0.0ms)


Started GET "/about" for 127.0.0.1 at 2018-09-09 17:03:36 +0300
Processing by PagesController#about as HTML
  Rendering pages/about.html.erb within layouts/application
  Rendered pages/about.html.erb within layouts/application (2.6ms)
Completed 200 OK in 105ms (Views: 102.3ms | ActiveRecord: 0.0ms)


Started GET "/about" for 127.0.0.1 at 2018-09-09 17:04:04 +0300
Processing by PagesController#about as HTML
  Rendering pages/about.html.erb within layouts/application
  Rendered pages/about.html.erb within layouts/application (2.6ms)
Completed 200 OK in 126ms (Views: 123.8ms | ActiveRecord: 0.0ms)


Started GET "/about" for 127.0.0.1 at 2018-09-09 17:04:53 +0300
Processing by PagesController#about as HTML
  Rendering pages/about.html.erb within layouts/application
  Rendered pages/about.html.erb within layouts/application (2.5ms)
Completed 200 OK in 136ms (Views: 129.8ms | ActiveRecord: 0.0ms)


Started GET "/about" for 127.0.0.1 at 2018-09-09 17:13:23 +0300
Processing by PagesController#about as HTML
  Rendering pages/about.html.erb within layouts/application
  Rendered pages/about.html.erb within layouts/application (8.0ms)
Completed 200 OK in 5834ms (Views: 5828.8ms | ActiveRecord: 0.0ms)


Started GET "/about" for 127.0.0.1 at 2018-09-09 17:13:52 +0300
Processing by PagesController#about as HTML
  Rendering pages/about.html.erb within layouts/application
  Rendered pages/about.html.erb within layouts/application (4.3ms)
Completed 200 OK in 119ms (Views: 116.2ms | ActiveRecord: 0.0ms)


Started GET "/about" for 127.0.0.1 at 2018-09-09 17:16:10 +0300
Processing by PagesController#about as HTML
  Rendering pages/about.html.erb within layouts/application
  Rendered pages/about.html.erb within layouts/application (2.4ms)
Completed 200 OK in 5875ms (Views: 5872.2ms | ActiveRecord: 0.0ms)


Started GET "/about" for 127.0.0.1 at 2018-09-09 17:17:36 +0300
Processing by PagesController#about as HTML
  Rendering pages/about.html.erb within layouts/application
  Rendered pages/about.html.erb within layouts/application (10.3ms)
Completed 200 OK in 5960ms (Views: 5948.7ms | ActiveRecord: 0.0ms)


Started GET "/about" for 127.0.0.1 at 2018-09-09 17:18:08 +0300
Processing by PagesController#about as HTML
  Rendering pages/about.html.erb within layouts/application
  Rendered pages/about.html.erb within layouts/application (7.0ms)
Completed 200 OK in 5814ms (Views: 5810.9ms | ActiveRecord: 0.0ms)


Started GET "/about" for 127.0.0.1 at 2018-09-09 17:18:45 +0300
Processing by PagesController#about as HTML
  Rendering pages/about.html.erb within layouts/application
  Rendered pages/about.html.erb within layouts/application (11.5ms)
Completed 200 OK in 132ms (Views: 129.7ms | ActiveRecord: 0.0ms)


Started GET "/about" for 127.0.0.1 at 2018-09-09 17:18:58 +0300
Processing by PagesController#about as HTML
  Rendering pages/about.html.erb within layouts/application
  Rendered pages/about.html.erb within layouts/application (3.5ms)
Completed 200 OK in 162ms (Views: 159.9ms | ActiveRecord: 0.0ms)


Started GET "/about" for 127.0.0.1 at 2018-09-09 17:21:49 +0300
Processing by PagesController#about as HTML
  Rendering pages/about.html.erb within layouts/application
  Rendered pages/about.html.erb within layouts/application (3.0ms)
Completed 500 Internal Server Error in 2165ms (ActiveRecord: 0.0ms)


  
ActionView::Template::Error (Invalid CSS after "...-width: 540px) ": expected "{", was "&& (max-width:9..."):
     7:         <meta charset="utf-8">
     8:     <meta name="viewport" content="width=device-width, initial-scale=1, shrink-to-fit=no">
     9:     <%= javascript_include_tag 'application', 'data-turbolinks-track': 'reload' %>
    10:     <%= stylesheet_link_tag    'application', media: 'all', 'data-turbolinks-track': 'reload' %>
    11:   </head>
    12: 
    13:   <body>
  
app/assets/stylesheets/pages.scss:116
app/assets/stylesheets/application.scss:20
app/views/layouts/application.html.erb:10:in `_app_views_layouts_application_html_erb__16119219_96607300'
Started GET "/about" for 127.0.0.1 at 2018-09-09 17:22:31 +0300
Processing by PagesController#about as HTML
  Rendering pages/about.html.erb within layouts/application
  Rendered pages/about.html.erb within layouts/application (2.5ms)
Completed 200 OK in 5993ms (Views: 5990.8ms | ActiveRecord: 0.0ms)


Started GET "/about" for 127.0.0.1 at 2018-09-09 17:23:26 +0300
Processing by PagesController#about as HTML
  Rendering pages/about.html.erb within layouts/application
  Rendered pages/about.html.erb within layouts/application (2.9ms)
Completed 200 OK in 6094ms (Views: 6062.4ms | ActiveRecord: 0.0ms)


Started GET "/about" for 127.0.0.1 at 2018-09-09 17:23:57 +0300
Processing by PagesController#about as HTML
  Rendering pages/about.html.erb within layouts/application
  Rendered pages/about.html.erb within layouts/application (2.5ms)
Completed 200 OK in 5748ms (Views: 5745.8ms | ActiveRecord: 0.0ms)


Started GET "/about" for 127.0.0.1 at 2018-09-09 17:25:25 +0300
Processing by PagesController#about as HTML
  Rendering pages/about.html.erb within layouts/application
  Rendered pages/about.html.erb within layouts/application (2.7ms)
Completed 200 OK in 5774ms (Views: 5770.9ms | ActiveRecord: 0.0ms)


Started GET "/about" for 127.0.0.1 at 2018-09-09 17:26:14 +0300
Processing by PagesController#about as HTML
  Rendering pages/about.html.erb within layouts/application
  Rendered pages/about.html.erb within layouts/application (2.5ms)
Completed 200 OK in 132ms (Views: 128.8ms | ActiveRecord: 0.0ms)


Started GET "/about" for 127.0.0.1 at 2018-09-09 17:27:04 +0300
Processing by PagesController#about as HTML
  Rendering pages/about.html.erb within layouts/application
  Rendered pages/about.html.erb within layouts/application (2.7ms)
Completed 200 OK in 5834ms (Views: 5831.7ms | ActiveRecord: 0.0ms)


Started GET "/about" for 127.0.0.1 at 2018-09-09 17:31:03 +0300
Processing by PagesController#about as HTML
  Rendering pages/about.html.erb within layouts/application
  Rendered pages/about.html.erb within layouts/application (3.0ms)
Completed 200 OK in 6080ms (Views: 6076.3ms | ActiveRecord: 0.0ms)


Started GET "/about" for 127.0.0.1 at 2018-09-09 17:31:25 +0300
Processing by PagesController#about as HTML
  Rendering pages/about.html.erb within layouts/application
  Rendered pages/about.html.erb within layouts/application (2.6ms)
Completed 200 OK in 6472ms (Views: 6469.1ms | ActiveRecord: 0.0ms)


